<?xml version="1.0" encoding="UTF-8"?>
<!-- Generated by org.testng.reporters.JUnitReportReporter -->
<testsuite hostname="DESKTOP-2A6JV2R" name="tests.dataProviderTest" tests="3" failures="0" timestamp="17 Dec 2017 17:58:47 GMT" time="20.929" errors="0">
  <testcase name="testDataProvider" time="7.055" classname="tests.dataProviderTest"/>
  <testcase name="testDataProvider" time="6.723" classname="tests.dataProviderTest"/>
  <testcase name="testDataProvider" time="7.151" classname="tests.dataProviderTest"/>
</testsuite> <!-- tests.dataProviderTest -->
