<?xml version="1.0" encoding="UTF-8"?>
<!-- Generated by org.testng.reporters.JUnitReportReporter -->
<testsuite hostname="DESKTOP-2A6JV2R" name="tests.test2" tests="1" failures="0" timestamp="3 Dec 2017 15:45:24 GMT" time="19.948" errors="0">
  <testcase name="createFBAccountWith18less" time="19.948" classname="tests.test2"/>
</testsuite> <!-- tests.test2 -->
