<?xml version="1.0" encoding="UTF-8"?>
<!-- Generated by org.testng.reporters.JUnitReportReporter -->
<testsuite hostname="DESKTOP-2A6JV2R" name="tests.learnLog4j" tests="4" failures="0" timestamp="24 Dec 2017 17:17:54 GMT" time="60.523" errors="0">
  <testcase name="fbRadioButtonTest" time="0.145" classname="tests.learnLog4j"/>
  <testcase name="fbFirstNameBoxTest" time="30.112" classname="tests.learnLog4j"/>
  <testcase name="fbFirstNameBoxTest" time="30.092" classname="tests.learnLog4j"/>
  <testcase name="fbRadioButtonTest" time="0.174" classname="tests.learnLog4j"/>
</testsuite> <!-- tests.learnLog4j -->
