<?xml version="1.0" encoding="UTF-8"?>
<!-- Generated by org.testng.reporters.JUnitReportReporter -->
<testsuite hostname="DESKTOP-2A6JV2R" name="tests.test1" tests="1" failures="0" timestamp="26 Nov 2017 18:06:46 GMT" time="7.199" errors="0">
  <testcase name="createFBAccountWith18plus" time="7.199" classname="tests.test1"/>
</testsuite> <!-- tests.test1 -->
