<?xml version="1.0" encoding="UTF-8"?>
<!-- Generated by org.testng.reporters.JUnitReportReporter -->
<testsuite hostname="DESKTOP-2A6JV2R" name="tests.precAnnotation" tests="2" failures="0" timestamp="3 Dec 2017 17:09:16 GMT" time="0.018" errors="0">
  <testcase name="mytest2" time="0.006" classname="tests.precAnnotation"/>
  <testcase name="mytest" time="0.012" classname="tests.precAnnotation"/>
</testsuite> <!-- tests.precAnnotation -->
