<?xml version="1.0" encoding="UTF-8"?>
<!-- Generated by org.testng.reporters.JUnitReportReporter -->
<testsuite hostname="DESKTOP-2A6JV2R" name="tests.ReadWriteUsingXL" tests="2" failures="0" timestamp="17 Dec 2017 18:22:15 GMT" time="15.022" errors="0">
  <testcase name="readFromXl" time="8.223" classname="tests.ReadWriteUsingXL"/>
  <testcase name="writeIntoXl" time="6.799" classname="tests.ReadWriteUsingXL"/>
</testsuite> <!-- tests.ReadWriteUsingXL -->
