<?xml version="1.0" encoding="UTF-8"?>
<!-- Generated by org.testng.reporters.JUnitReportReporter -->
<testsuite hostname="DESKTOP-2A6JV2R" name="tests.test12" tests="2" failures="0" timestamp="3 Dec 2017 17:43:41 GMT" time="14.453" errors="0">
  <testcase name="assertIfUserLoggnedIn" time="5.541" classname="tests.test12"/>
  <testcase name="firstLogin" time="8.912" classname="tests.test12"/>
</testsuite> <!-- tests.test12 -->
