<?xml version="1.0" encoding="UTF-8"?>
<!-- Generated by org.testng.reporters.JUnitReportReporter -->
<testsuite hostname="DESKTOP-2A6JV2R" name="tests.test1" tests="1" failures="0" timestamp="3 Dec 2017 15:56:35 GMT" time="7.625" errors="0">
  <testcase name="createFBAccountWith18plus" time="7.625" classname="tests.test1"/>
</testsuite> <!-- tests.test1 -->
